{
  "RSpec": {
    "coverage": {
      "/Users/Thomas/Desktop/bookmark-travis-test/spec/features/add_bookmark_spec.rb": [
        1,
        1,
        null,
        1,
        1,
        1,
        1,
        1,
        1,
        1,
        1,
        null,
        null
      ],
      "/Users/Thomas/Desktop/bookmark-travis-test/spec/features/viewing_bookmarks_spec.rb": [
        1,
        1,
        null,
        1,
        1,
        null,
        1,
        1,
        null,
        1,
        1,
        1,
        1,
        null,
        null
      ],
      "/Users/Thomas/Desktop/bookmark-travis-test/spec/units/bookmark_spec.rb": [
        1,
        null,
        null,
        1,
        1,
        1,
        1,
        1,
        null,
        null,
        1,
        1,
        null,
        1,
        1,
        1,
        1,
        null,
        1,
        1,
        1,
        1,
        null,
        null,
        null,
        1,
        1,
        1,
        1,
        1,
        null,
        null,
        null
      ]
    },
    "timestamp": 1550055431
  }
}
